<?xml version="1.0" encoding="UTF-8"?>
<testng-results skipped="0" failed="0" ignored="0" total="1" passed="1">
  <reporter-output>
  </reporter-output>
  <suite name="Default suite" duration-ms="41625" started-at="2020-02-29T13:18:33Z" finished-at="2020-02-29T13:19:14Z">
    <groups>
    </groups>
    <test name="Default test" duration-ms="41625" started-at="2020-02-29T13:18:33Z" finished-at="2020-02-29T13:19:14Z">
      <class name="com.w2a.testcase.LoginTest">
        <test-method status="PASS" signature="setUp()[pri:0, instance:com.w2a.testcase.LoginTest@56cdfb3b]" name="setUp" is-config="true" duration-ms="185166" started-at="2020-02-29T14:15:27Z" finished-at="2020-02-29T14:18:33Z">
          <reporter-output>
          </reporter-output>
        </test-method> <!-- setUp -->
        <test-method status="PASS" signature="validLogin()[pri:0, instance:com.w2a.testcase.LoginTest@56cdfb3b]" name="validLogin" duration-ms="41592" started-at="2020-02-29T14:18:33Z" finished-at="2020-02-29T14:19:14Z">
          <reporter-output>
          </reporter-output>
        </test-method> <!-- validLogin -->
        <test-method status="PASS" signature="tearDown()[pri:0, instance:com.w2a.testcase.LoginTest@56cdfb3b]" name="tearDown" is-config="true" duration-ms="3210" started-at="2020-02-29T14:19:14Z" finished-at="2020-02-29T14:19:18Z">
          <reporter-output>
          </reporter-output>
        </test-method> <!-- tearDown -->
      </class> <!-- com.w2a.testcase.LoginTest -->
    </test> <!-- Default test -->
  </suite> <!-- Default suite -->
</testng-results>
